[ 2014-05-27T12:51:57+08:00 ] 127.0.0.1 /wish/
INFO: [ app_begin ] --START--
INFO: ReadHtmlCache Behavior ::run [ RunTime:0.001093s ]
INFO: [ app_begin ] --END-- [ RunTime:0.001256s ]
SQL: SHOW COLUMNS FROM `hd_wish` [ RunTime:0.148664s ]
SQL: SELECT * FROM `hd_wish`  [ RunTime:0.000627s ]
INFO: [ view_parse ] --START--
INFO: ParseTemplate Behavior ::run [ RunTime:0.302352s ]
INFO: [ view_parse ] --END-- [ RunTime:0.302542s ]
INFO: [ view_filter ] --START--
INFO: ContentReplace Behavior ::run [ RunTime:0.001290s ]
INFO: TokenBuild Behavior ::run [ RunTime:0.000848s ]
INFO: WriteHtmlCache Behavior ::run [ RunTime:0.001229s ]
INFO: ShowRuntime Behavior ::run [ RunTime:0.001346s ]
INFO: [ view_filter ] --END-- [ RunTime:0.005240s ]
INFO: [ view_end ] --START--
INFO: ShowPageTrace Behavior ::run [ RunTime:0.001838s ]
INFO: [ view_end ] --END-- [ RunTime:0.002035s ]

[ 2014-05-27T12:52:06+08:00 ] 127.0.0.1 /wish/index.php/Admin/Rbac/access
INFO: [ route_check ] --START--
INFO: CheckRoute Behavior ::run [ RunTime:0.001297s ]
INFO: [ route_check ] --END-- [ RunTime:0.001438s ]
INFO: [ app_begin ] --START--
INFO: ReadHtmlCache Behavior ::run [ RunTime:0.000868s ]
INFO: [ app_begin ] --END-- [ RunTime:0.000971s ]

[ 2014-05-27T12:52:07+08:00 ] 127.0.0.1 /wish/index.php/Admin/Login/index
INFO: [ route_check ] --START--
INFO: CheckRoute Behavior ::run [ RunTime:0.000737s ]
INFO: [ route_check ] --END-- [ RunTime:0.000858s ]
INFO: [ app_begin ] --START--
INFO: ReadHtmlCache Behavior ::run [ RunTime:0.000581s ]
INFO: [ app_begin ] --END-- [ RunTime:0.000691s ]
INFO: [ view_parse ] --START--
NOTIC: [8] Undefined variable: verifyURL C:\wamp\www\wish\App\Runtime\Cache\Admin\eae10ff12b93d23dd99a5ff4385f0365.php 第 15 行.
INFO: ParseTemplate Behavior ::run [ RunTime:0.025282s ]
INFO: [ view_parse ] --END-- [ RunTime:0.025432s ]
INFO: [ view_filter ] --START--
INFO: ContentReplace Behavior ::run [ RunTime:0.000736s ]
INFO: TokenBuild Behavior ::run [ RunTime:0.001098s ]
INFO: WriteHtmlCache Behavior ::run [ RunTime:0.001671s ]
INFO: ShowRuntime Behavior ::run [ RunTime:0.005449s ]
INFO: [ view_filter ] --END-- [ RunTime:0.009618s ]
INFO: [ view_end ] --START--
INFO: ShowPageTrace Behavior ::run [ RunTime:0.001708s ]
INFO: [ view_end ] --END-- [ RunTime:0.001945s ]

[ 2014-05-27T12:52:08+08:00 ] 127.0.0.1 /wish/index.php/Admin/Login/verify
INFO: [ route_check ] --START--
INFO: CheckRoute Behavior ::run [ RunTime:0.001294s ]
INFO: [ route_check ] --END-- [ RunTime:0.001464s ]
INFO: [ app_begin ] --START--
INFO: ReadHtmlCache Behavior ::run [ RunTime:0.001198s ]
INFO: [ app_begin ] --END-- [ RunTime:0.001387s ]

[ 2014-05-27T12:52:17+08:00 ] 127.0.0.1 /wish/index.php/Admin/Login/login
INFO: [ route_check ] --START--
INFO: CheckRoute Behavior ::run [ RunTime:0.001349s ]
INFO: [ route_check ] --END-- [ RunTime:0.001559s ]
INFO: [ app_begin ] --START--
INFO: ReadHtmlCache Behavior ::run [ RunTime:0.000861s ]
INFO: [ app_begin ] --END-- [ RunTime:0.001034s ]
SQL: SHOW COLUMNS FROM `hd_user` [ RunTime:0.148879s ]
SQL: SELECT * FROM `hd_user` WHERE ( `username` = 'admin' ) LIMIT 1   [ RunTime:0.001252s ]
SQL: UPDATE `hd_user` SET `logintime`=1401166336,`loginip`='127.0.0.1' WHERE ( `id` = 1 ) [ RunTime:0.000639s ]
NOTIC: [8] Undefined index: superadmin C:\wamp\www\wish\ThinkPHP\Extend\Library\ORG\Util\RBAC.class.php 第 94 行.
SQL: select node.id,node.name from hd_role as role,hd_role_user as user, as access ,hd_node as node where user.user_id='1' and user.role_id=role.id and ( access.role_id=role.id  or (access.role_id=role.pid and role.pid!=0 ) ) and role.status=1 and access.node_id=node.id and node.level=1 and node.status=1 [ RunTime:0.000186s ]
ERR: 1064:You have an error in your SQL syntax; check the manual that corresponds to your MySQL server version for the right syntax to use near 'as access ,hd_node as node where user.user_id='1' and user.role_id=role.id and (' at line 1
 [ SQL语句 ] : select node.id,node.name from hd_role as role,hd_role_user as user, as access ,hd_node as node where user.user_id='1' and user.role_id=role.id and ( access.role_id=role.id  or (access.role_id=role.pid and role.pid!=0 ) ) and role.status=1 and access.node_id=node.id and node.level=1 and node.status=1
NOTIC: [2] Invalid argument supplied for foreach() C:\wamp\www\wish\ThinkPHP\Extend\Library\ORG\Util\RBAC.class.php 第 220 行.

[ 2014-05-27T12:52:17+08:00 ] 127.0.0.1 /wish/index.php/Admin/Index/index
INFO: [ route_check ] --START--
INFO: CheckRoute Behavior ::run [ RunTime:0.000765s ]
INFO: [ route_check ] --END-- [ RunTime:0.000882s ]
INFO: [ app_begin ] --START--
INFO: ReadHtmlCache Behavior ::run [ RunTime:0.000664s ]
INFO: [ app_begin ] --END-- [ RunTime:0.000795s ]
NOTIC: [8] Undefined index: 7195a62edfd11a40a68c77ff40ee98a6 C:\wamp\www\wish\ThinkPHP\Extend\Library\ORG\Util\RBAC.class.php 第 176 行.
INFO: [ view_parse ] --START--
INFO: ParseTemplate Behavior ::run [ RunTime:0.173345s ]
INFO: [ view_parse ] --END-- [ RunTime:0.173504s ]
INFO: [ view_filter ] --START--
INFO: ContentReplace Behavior ::run [ RunTime:0.000534s ]
INFO: TokenBuild Behavior ::run [ RunTime:0.000507s ]
INFO: WriteHtmlCache Behavior ::run [ RunTime:0.000435s ]
INFO: ShowRuntime Behavior ::run [ RunTime:0.000615s ]
INFO: [ view_filter ] --END-- [ RunTime:0.002393s ]
INFO: [ view_end ] --START--
INFO: ShowPageTrace Behavior ::run [ RunTime:0.001265s ]
INFO: [ view_end ] --END-- [ RunTime:0.001386s ]

[ 2014-05-27T12:52:33+08:00 ] 127.0.0.1 /wish/index.php/Admin/Login/login
INFO: [ route_check ] --START--
INFO: CheckRoute Behavior ::run [ RunTime:0.001979s ]
INFO: [ route_check ] --END-- [ RunTime:0.002269s ]
INFO: [ app_begin ] --START--
INFO: ReadHtmlCache Behavior ::run [ RunTime:0.001116s ]
INFO: [ app_begin ] --END-- [ RunTime:0.001270s ]
SQL: SHOW COLUMNS FROM `hd_user` [ RunTime:0.002744s ]
SQL: SELECT * FROM `hd_user` WHERE ( `username` = 'admin' ) LIMIT 1   [ RunTime:0.000292s ]
SQL: UPDATE `hd_user` SET `logintime`=1401166353,`loginip`='127.0.0.1' WHERE ( `id` = 1 ) [ RunTime:0.000243s ]
NOTIC: [8] Undefined index: superadmin C:\wamp\www\wish\ThinkPHP\Extend\Library\ORG\Util\RBAC.class.php 第 94 行.
SQL: select node.id,node.name from hd_role as role,hd_role_user as user, as access ,hd_node as node where user.user_id='1' and user.role_id=role.id and ( access.role_id=role.id  or (access.role_id=role.pid and role.pid!=0 ) ) and role.status=1 and access.node_id=node.id and node.level=1 and node.status=1 [ RunTime:0.000136s ]
ERR: 1064:You have an error in your SQL syntax; check the manual that corresponds to your MySQL server version for the right syntax to use near 'as access ,hd_node as node where user.user_id='1' and user.role_id=role.id and (' at line 1
 [ SQL语句 ] : select node.id,node.name from hd_role as role,hd_role_user as user, as access ,hd_node as node where user.user_id='1' and user.role_id=role.id and ( access.role_id=role.id  or (access.role_id=role.pid and role.pid!=0 ) ) and role.status=1 and access.node_id=node.id and node.level=1 and node.status=1
NOTIC: [2] Invalid argument supplied for foreach() C:\wamp\www\wish\ThinkPHP\Extend\Library\ORG\Util\RBAC.class.php 第 220 行.

[ 2014-05-27T12:52:33+08:00 ] 127.0.0.1 /wish/index.php/Admin/Index/index
INFO: [ route_check ] --START--
INFO: CheckRoute Behavior ::run [ RunTime:0.000765s ]
INFO: [ route_check ] --END-- [ RunTime:0.000885s ]
INFO: [ app_begin ] --START--
INFO: ReadHtmlCache Behavior ::run [ RunTime:0.001027s ]
INFO: [ app_begin ] --END-- [ RunTime:0.001169s ]
INFO: [ view_parse ] --START--
INFO: ParseTemplate Behavior ::run [ RunTime:0.009930s ]
INFO: [ view_parse ] --END-- [ RunTime:0.010068s ]
INFO: [ view_filter ] --START--
INFO: ContentReplace Behavior ::run [ RunTime:0.000554s ]
INFO: TokenBuild Behavior ::run [ RunTime:0.000584s ]
INFO: WriteHtmlCache Behavior ::run [ RunTime:0.000402s ]
INFO: ShowRuntime Behavior ::run [ RunTime:0.000638s ]
INFO: [ view_filter ] --END-- [ RunTime:0.002450s ]
INFO: [ view_end ] --START--
INFO: ShowPageTrace Behavior ::run [ RunTime:0.000912s ]
INFO: [ view_end ] --END-- [ RunTime:0.001021s ]

[ 2014-05-27T12:52:37+08:00 ] 127.0.0.1 /wish/index.php/Admin/Login/verify
INFO: [ route_check ] --START--
INFO: CheckRoute Behavior ::run [ RunTime:0.001123s ]
INFO: [ route_check ] --END-- [ RunTime:0.001318s ]
INFO: [ app_begin ] --START--
INFO: ReadHtmlCache Behavior ::run [ RunTime:0.000852s ]
INFO: [ app_begin ] --END-- [ RunTime:0.001035s ]

